info it worked if it ends with ok
verbose cli [ '/usr/local/bin/node', '/usr/local/bin/npm', 'install', '-g' ]
info using npm@1.1.0-beta-4
info using node@v0.7.0
verbose config file /Users/florin/.npmrc
verbose config file /usr/local/etc/npmrc
verbose config file /usr/local/lib/node_modules/npm/npmrc
silly exec /usr/local/bin/node "/usr/local/lib/node_modules/npm/bin/npm-get-uid-gid.js" "nobody" 20
silly spawning [ '/usr/local/bin/node',
silly spawning   [ '/usr/local/lib/node_modules/npm/bin/npm-get-uid-gid.js',
silly spawning     'nobody',
silly spawning     20 ],
silly spawning   null ]
silly output from getuid/gid {"uid":-2,"gid":20}
silly output from getuid/gid 
verbose into /usr/local/lib [ '.' ]
verbose cache add .
verbose cache add [ '.', null ]
silly cache add: name, spec, args [ undefined, '.', [ '.', null ] ]
verbose parsed url { pathname: '.', path: '.', href: '.' }
ERR! Could not install: .
ERR! Error: ENOENT, no such file or directory 'package.json'
ERR! Report this *entire* log at:
ERR!     <http://github.com/isaacs/npm/issues>
ERR! or email it to:
ERR!     <npm-@googlegroups.com>
ERR! 
ERR! System Darwin 11.4.0
ERR! command "/usr/local/bin/node" "/usr/local/bin/npm" "install" "-g"
ERR! cwd /Users/florin/Sites/bea2/examples/node
ERR! node -v v0.7.0
ERR! npm -v 1.1.0-beta-4
ERR! path package.json
ERR! code ENOENT
ERR! message ENOENT, no such file or directory 'package.json'
verbose exit [ 1, true ]
